[0m00:16:55.139013 [debug] [MainThread]: Sending event: {'category': 'dbt', 'action': 'invocation', 'label': 'start', 'context': [<snowplow_tracker.self_describing_json.SelfDescribingJson object at 0x7ec8a497bb30>, <snowplow_tracker.self_describing_json.SelfDescribingJson object at 0x7ec8a6a55fa0>, <snowplow_tracker.self_describing_json.SelfDescribingJson object at 0x7ec8a497b710>]}


============================== 00:16:55.143869 | 4fe1cfdc-4ad5-4b47-8cf5-d27119346ee1 ==============================
[0m00:16:55.143869 [info ] [MainThread]: Running with dbt=1.9.4
[0m00:16:55.144329 [debug] [MainThread]: running dbt with arguments {'printer_width': '80', 'indirect_selection': 'eager', 'write_json': 'True', 'log_cache_events': 'False', 'partial_parse': 'True', 'cache_selected_only': 'False', 'warn_error': 'None', 'fail_fast': 'False', 'version_check': 'True', 'log_path': 'logs', 'profiles_dir': '/home/ubuntu/.dbt', 'debug': 'False', 'use_colors': 'True', 'use_experimental_parser': 'False', 'empty': 'None', 'quiet': 'False', 'no_print': 'None', 'log_format': 'default', 'static_parser': 'True', 'invocation_command': 'dbt init my_project', 'introspect': 'True', 'target_path': 'None', 'warn_error_options': 'WarnErrorOptions(include=[], exclude=[])', 'send_anonymous_usage_stats': 'True'}
[0m00:16:55.153541 [warn ] [MainThread]: [ConfigFolderDirectory]: Unable to parse logging event dictionary. Failed to parse dir field: expected string or bytes-like object, got 'PosixPath'.. Dictionary: {'dir': PosixPath('/home/ubuntu/.dbt')}
[0m00:16:55.153841 [info ] [MainThread]: Creating dbt configuration folder at 
[0m00:16:55.154954 [debug] [MainThread]: Starter project path: /home/ubuntu/SP25_DS5111_rzu5vw/env/lib/python3.12/site-packages/dbt/include/starter_project
[0m00:16:55.156959 [info ] [MainThread]: 
Your new dbt project "my_project" was created!

For more information on how to configure the profiles.yml file,
please consult the dbt documentation here:

  https://docs.getdbt.com/docs/configure-your-profile

One more thing:

Need help? Don't hesitate to reach out to us via GitHub issues or on Slack:

  https://community.getdbt.com/

Happy modeling!

[0m00:16:55.157475 [info ] [MainThread]: Setting up your profile.
[0m00:18:17.582631 [info ] [MainThread]: Profile my_project written to /home/ubuntu/.dbt/profiles.yml using target's profile_template.yml and your supplied values. Run 'dbt debug' to validate the connection.
[0m00:18:17.586272 [debug] [MainThread]: Resource report: {"command_name": "init", "command_success": true, "command_wall_clock_time": 82.50767, "process_in_blocks": "74744", "process_kernel_time": 0.182499, "process_mem_max_rss": "152664", "process_out_blocks": "80", "process_user_time": 1.914143}
[0m00:18:17.587266 [debug] [MainThread]: Command `dbt init` succeeded at 00:18:17.586578 after 82.51 seconds
[0m00:18:17.587602 [debug] [MainThread]: Sending event: {'category': 'dbt', 'action': 'invocation', 'label': 'end', 'context': [<snowplow_tracker.self_describing_json.SelfDescribingJson object at 0x7ec8a47d2840>, <snowplow_tracker.self_describing_json.SelfDescribingJson object at 0x7ec89d225dc0>, <snowplow_tracker.self_describing_json.SelfDescribingJson object at 0x7ec8a50695e0>]}
[0m00:18:17.587959 [debug] [MainThread]: Flushing usage events
[0m00:18:17.605431 [debug] [MainThread]: An error was encountered while trying to flush usage events
[0m00:18:31.231345 [debug] [MainThread]: Sending event: {'category': 'dbt', 'action': 'invocation', 'label': 'start', 'context': [<snowplow_tracker.self_describing_json.SelfDescribingJson object at 0x7108f2a39910>, <snowplow_tracker.self_describing_json.SelfDescribingJson object at 0x7108f289dc70>, <snowplow_tracker.self_describing_json.SelfDescribingJson object at 0x7108f2873aa0>]}


============================== 00:18:31.234612 | a482da19-61d1-4147-9e5a-fdddd05f5ece ==============================
[0m00:18:31.234612 [info ] [MainThread]: Running with dbt=1.9.4
[0m00:18:31.235227 [debug] [MainThread]: running dbt with arguments {'printer_width': '80', 'indirect_selection': 'eager', 'log_cache_events': 'False', 'write_json': 'True', 'partial_parse': 'True', 'cache_selected_only': 'False', 'profiles_dir': '/home/ubuntu/.dbt', 'debug': 'False', 'fail_fast': 'False', 'log_path': 'logs', 'version_check': 'True', 'warn_error': 'None', 'use_colors': 'True', 'use_experimental_parser': 'False', 'empty': 'None', 'quiet': 'False', 'no_print': 'None', 'warn_error_options': 'WarnErrorOptions(include=[], exclude=[])', 'invocation_command': 'dbt debug', 'static_parser': 'True', 'introspect': 'True', 'target_path': 'None', 'log_format': 'default', 'send_anonymous_usage_stats': 'True'}
[0m00:18:31.243903 [info ] [MainThread]: dbt version: 1.9.4
[0m00:18:31.244228 [info ] [MainThread]: python version: 3.12.3
[0m00:18:31.244622 [info ] [MainThread]: python path: /home/ubuntu/SP25_DS5111_rzu5vw/env/bin/python3
[0m00:18:31.245037 [info ] [MainThread]: os info: Linux-6.8.0-1024-aws-x86_64-with-glibc2.39
[0m00:18:31.738228 [info ] [MainThread]: Using profiles dir at /home/ubuntu/.dbt
[0m00:18:31.739852 [info ] [MainThread]: Using profiles.yml file at /home/ubuntu/.dbt/profiles.yml
[0m00:18:31.740134 [info ] [MainThread]: Using dbt_project.yml file at /home/ubuntu/SP25_DS5111_rzu5vw/dbt_project/dbt_project.yml
[0m00:18:31.740480 [info ] [MainThread]: adapter type: snowflake
[0m00:18:31.740717 [info ] [MainThread]: adapter version: 1.9.2
[0m00:18:31.741282 [info ] [MainThread]: Configuration:
[0m00:18:31.741671 [info ] [MainThread]:   profiles.yml file [[32mOK found and valid[0m]
[0m00:18:31.742120 [info ] [MainThread]:   dbt_project.yml file [[31mERROR not found[0m]
[0m00:18:31.742433 [info ] [MainThread]: Required dependencies:
[0m00:18:31.742803 [debug] [MainThread]: Executing "git --help"
[0m00:18:31.746316 [debug] [MainThread]: STDOUT: "b"usage: git [-v | --version] [-h | --help] [-C <path>] [-c <name>=<value>]\n           [--exec-path[=<path>]] [--html-path] [--man-path] [--info-path]\n           [-p | --paginate | -P | --no-pager] [--no-replace-objects] [--bare]\n           [--git-dir=<path>] [--work-tree=<path>] [--namespace=<name>]\n           [--config-env=<name>=<envvar>] <command> [<args>]\n\nThese are common Git commands used in various situations:\n\nstart a working area (see also: git help tutorial)\n   clone     Clone a repository into a new directory\n   init      Create an empty Git repository or reinitialize an existing one\n\nwork on the current change (see also: git help everyday)\n   add       Add file contents to the index\n   mv        Move or rename a file, a directory, or a symlink\n   restore   Restore working tree files\n   rm        Remove files from the working tree and from the index\n\nexamine the history and state (see also: git help revisions)\n   bisect    Use binary search to find the commit that introduced a bug\n   diff      Show changes between commits, commit and working tree, etc\n   grep      Print lines matching a pattern\n   log       Show commit logs\n   show      Show various types of objects\n   status    Show the working tree status\n\ngrow, mark and tweak your common history\n   branch    List, create, or delete branches\n   commit    Record changes to the repository\n   merge     Join two or more development histories together\n   rebase    Reapply commits on top of another base tip\n   reset     Reset current HEAD to the specified state\n   switch    Switch branches\n   tag       Create, list, delete or verify a tag object signed with GPG\n\ncollaborate (see also: git help workflows)\n   fetch     Download objects and refs from another repository\n   pull      Fetch from and integrate with another repository or a local branch\n   push      Update remote refs along with associated objects\n\n'git help -a' and 'git help -g' list available subcommands and some\nconcept guides. See 'git help <command>' or 'git help <concept>'\nto read about a specific subcommand or concept.\nSee 'git help git' for an overview of the system.\n""
[0m00:18:31.746634 [debug] [MainThread]: STDERR: "b''"
[0m00:18:31.747364 [info ] [MainThread]:  - git [[32mOK found[0m]

[0m00:18:31.747766 [info ] [MainThread]: Connection:
[0m00:18:31.748205 [info ] [MainThread]:   account: rja95216
[0m00:18:31.748602 [info ] [MainThread]:   user: rzu5vw@virginia.edu
[0m00:18:31.749018 [info ] [MainThread]:   database: DATA_SCIENCE
[0m00:18:31.749415 [info ] [MainThread]:   warehouse: COMPUTE_WH
[0m00:18:31.749767 [info ] [MainThread]:   role: DS5111_DBT
[0m00:18:31.750150 [info ] [MainThread]:   schema: RZU5VW
[0m00:18:31.750546 [info ] [MainThread]:   authenticator: None
[0m00:18:31.751028 [info ] [MainThread]:   oauth_client_id: None
[0m00:18:31.751382 [info ] [MainThread]:   query_tag: None
[0m00:18:31.751737 [info ] [MainThread]:   client_session_keep_alive: False
[0m00:18:31.752145 [info ] [MainThread]:   host: None
[0m00:18:31.752516 [info ] [MainThread]:   port: None
[0m00:18:31.752876 [info ] [MainThread]:   proxy_host: None
[0m00:18:31.753278 [info ] [MainThread]:   proxy_port: None
[0m00:18:31.753659 [info ] [MainThread]:   protocol: None
[0m00:18:31.753948 [info ] [MainThread]:   connect_retries: 1
[0m00:18:31.754275 [info ] [MainThread]:   connect_timeout: None
[0m00:18:31.754649 [info ] [MainThread]:   retry_on_database_errors: False
[0m00:18:31.755045 [info ] [MainThread]:   retry_all: False
[0m00:18:31.755401 [info ] [MainThread]:   insecure_mode: False
[0m00:18:31.755763 [info ] [MainThread]:   reuse_connections: True
[0m00:18:31.756264 [info ] [MainThread]: Registered adapter: snowflake=1.9.2
[0m00:18:31.889799 [debug] [MainThread]: Acquiring new snowflake connection 'debug'
[0m00:18:31.916038 [debug] [MainThread]: Using snowflake connection "debug"
[0m00:18:31.916385 [debug] [MainThread]: On debug: select 1 as id
[0m00:18:31.916616 [debug] [MainThread]: Opening a new connection, currently in state init
[0m00:18:32.825665 [debug] [MainThread]: SQL status: SUCCESS 1 in 0.909 seconds
[0m00:18:32.827225 [info ] [MainThread]:   Connection test: [[32mOK connection ok[0m]

[0m00:18:32.827756 [info ] [MainThread]: [31m1 check failed:[0m
[0m00:18:32.828336 [info ] [MainThread]: Project loading failed for the following reason:
 project path </home/ubuntu/SP25_DS5111_rzu5vw/dbt_project/dbt_project.yml> not found

[0m00:18:32.829533 [debug] [MainThread]: Resource report: {"command_name": "debug", "command_success": false, "command_wall_clock_time": 1.6588427, "process_in_blocks": "9408", "process_kernel_time": 0.222147, "process_mem_max_rss": "167136", "process_out_blocks": "2496", "process_user_time": 2.270305}
[0m00:18:32.829903 [debug] [MainThread]: Command `dbt debug` failed at 00:18:32.829816 after 1.66 seconds
[0m00:18:32.830196 [debug] [MainThread]: Connection 'debug' was left open.
[0m00:18:32.830424 [debug] [MainThread]: On debug: Close
[0m00:18:33.016433 [debug] [MainThread]: Sending event: {'category': 'dbt', 'action': 'invocation', 'label': 'end', 'context': [<snowplow_tracker.self_describing_json.SelfDescribingJson object at 0x7108f4586b70>, <snowplow_tracker.self_describing_json.SelfDescribingJson object at 0x7108f2942b40>, <snowplow_tracker.self_describing_json.SelfDescribingJson object at 0x7108eacfd100>]}
[0m00:18:33.016978 [debug] [MainThread]: Flushing usage events
[0m00:18:33.027198 [debug] [MainThread]: An error was encountered while trying to flush usage events
